This file contains any messages produced by compilers while
running configure, to aid debugging if configure makes a mistake.

It was created by DNR configure 0.1, which was
generated by GNU Autoconf 2.71.  Invocation command line was

  $ ./configure --prefix=/usr/local --with-systemdsystemunitdir=/lib/systemd/system

## --------- ##
## Platform. ##
## --------- ##

hostname = devbox
uname -m = x86_64
uname -r = 6.8.0
uname -s = Linux
uname -v = #1 SMP PREEMPT_DYNAMIC Thu Aug  7 22:13:44 UTC 2025

/usr/bin/uname -p = x86_64
/bin/uname -X     = unknown

/bin/arch              = x86_64
/usr/bin/arch -k       = unknown
/usr/convex/getsysinfo = unknown
/usr/bin/hostinfo      = unknown
/bin/machine           = unknown
/usr/bin/oslevel       = unknown
/bin/universe          = unknown

PATH: /usr/local/sbin/
PATH: /usr/local/bin/
PATH: /usr/sbin/
PATH: /usr/bin/
PATH: /sbin/
PATH: /bin/
PATH: /snap/bin/


## ----------- ##
## Core tests. ##
## ----------- ##

configure:2669: looking for aux files: compile missing install-sh
configure:2682:  trying ./
configure:2711:   ./compile found
configure:2711:   ./missing found
configure:2693:   ./install-sh found
configure:2840: checking for a BSD-compatible install
configure:2913: result: /usr/bin/install -c
configure:2924: checking whether build environment is sane
configure:2979: result: yes
configure:3138: checking for a race-free mkdir -p
configure:3182: result: /usr/bin/mkdir -p
configure:3189: checking for gawk
configure:3210: found /usr/bin/gawk
configure:3221: result: gawk
configure:3232: checking whether make sets $(MAKE)
configure:3255: result: yes
configure:3285: checking whether make supports nested variables
configure:3303: result: yes
configure:3513: checking for g++
configure:3534: found /usr/bin/g++
configure:3545: result: g++
configure:3572: checking for C++ compiler version
configure:3581: g++ --version >&5
g++ (Ubuntu 13.3.0-6ubuntu2~24.04) 13.3.0
Copyright (C) 2023 Free Software Foundation, Inc.
This is free software; see the source for copying conditions.  There is NO
warranty; not even for MERCHANTABILITY or FITNESS FOR A PARTICULAR PURPOSE.

configure:3592: $? = 0
configure:3581: g++ -v >&5
Using built-in specs.
COLLECT_GCC=g++
COLLECT_LTO_WRAPPER=/usr/libexec/gcc/x86_64-linux-gnu/13/lto-wrapper
OFFLOAD_TARGET_NAMES=nvptx-none:amdgcn-amdhsa
OFFLOAD_TARGET_DEFAULT=1
Target: x86_64-linux-gnu
Configured with: ../src/configure -v --with-pkgversion='Ubuntu 13.3.0-6ubuntu2~24.04' --with-bugurl=file:///usr/share/doc/gcc-13/README.Bugs --enable-languages=c,ada,c++,go,d,fortran,objc,obj-c++,m2 --prefix=/usr --with-gcc-major-version-only --program-suffix=-13 --program-prefix=x86_64-linux-gnu- --enable-shared --enable-linker-build-id --libexecdir=/usr/libexec --without-included-gettext --enable-threads=posix --libdir=/usr/lib --enable-nls --enable-bootstrap --enable-clocale=gnu --enable-libstdcxx-debug --enable-libstdcxx-time=yes --with-default-libstdcxx-abi=new --enable-libstdcxx-backtrace --enable-gnu-unique-object --disable-vtable-verify --enable-plugin --enable-default-pie --with-system-zlib --enable-libphobos-checking=release --with-target-system-zlib=auto --enable-objc-gc=auto --enable-multiarch --disable-werror --enable-cet --with-arch-32=i686 --with-abi=m64 --with-multilib-list=m32,m64,mx32 --enable-multilib --with-tune=generic --enable-offload-targets=nvptx-none=/build/gcc-13-fG75Ri/gcc-13-13.3.0/debian/tmp-nvptx/usr,amdgcn-amdhsa=/build/gcc-13-fG75Ri/gcc-13-13.3.0/debian/tmp-gcn/usr --enable-offload-defaulted --without-cuda-driver --enable-checking=release --build=x86_64-linux-gnu --host=x86_64-linux-gnu --target=x86_64-linux-gnu --with-build-config=bootstrap-lto-lean --enable-link-serialization=2
Thread model: posix
Supported LTO compression algorithms: zlib zstd
gcc version 13.3.0 (Ubuntu 13.3.0-6ubuntu2~24.04)
... rest of stderr output deleted ...
configure:3592: $? = 0
configure:3581: g++ -V >&5
g++: error: unrecognized command-line option '-V'
g++: fatal error: no input files
compilation terminated.
configure:3592: $? = 1
configure:3581: g++ -qversion >&5
g++: error: unrecognized command-line option '-qversion'; did you mean '--version'?
g++: fatal error: no input files
compilation terminated.
configure:3592: $? = 1
configure:3612: checking whether the C++ compiler works
configure:3634: g++    conftest.cpp  >&5
configure:3638: $? = 0
configure:3688: result: yes
configure:3691: checking for C++ compiler default output file name
configure:3693: result: a.out
configure:3699: checking for suffix of executables
configure:3706: g++ -o conftest    conftest.cpp  >&5
configure:3710: $? = 0
configure:3733: result:
configure:3755: checking whether we are cross compiling
configure:3763: g++ -o conftest    conftest.cpp  >&5
configure:3767: $? = 0
configure:3774: ./conftest
configure:3778: $? = 0
configure:3793: result: no
configure:3798: checking for suffix of object files
configure:3821: g++ -c   conftest.cpp >&5
configure:3825: $? = 0
configure:3847: result: o
configure:3851: checking whether the compiler supports GNU C++
configure:3871: g++ -c   conftest.cpp >&5
configure:3871: $? = 0
configure:3881: result: yes
configure:3892: checking whether g++ accepts -g
configure:3913: g++ -c -g  conftest.cpp >&5
configure:3913: $? = 0
configure:3957: result: yes
configure:3977: checking for g++ option to enable C++11 features
configure:3992: g++  -c -g -O2  conftest.cpp >&5
conftest.cpp: In function 'int main(int, char**)':
conftest.cpp:177:25: warning: empty parentheses were disambiguated as a function declaration [-Wvexing-parse]
  177 |   cxx11test::delegate d2();
      |                         ^~
conftest.cpp:177:25: note: remove parentheses to default-initialize a variable
  177 |   cxx11test::delegate d2();
      |                         ^~
      |                         --
conftest.cpp:177:25: note: or replace parentheses with braces to value-initialize a variable
configure:3992: $? = 0
configure:4010: result: none needed
configure:4077: checking whether make supports the include directive
configure:4092: make -f confmf.GNU && cat confinc.out
this is the am__doit target
configure:4095: $? = 0
configure:4114: result: yes (GNU style)
configure:4140: checking dependency style of g++
configure:4252: result: gcc3
configure:4331: checking for gcc
configure:4352: found /usr/bin/gcc
configure:4363: result: gcc
configure:4716: checking for C compiler version
configure:4725: gcc --version >&5
gcc (Ubuntu 13.3.0-6ubuntu2~24.04) 13.3.0
Copyright (C) 2023 Free Software Foundation, Inc.
This is free software; see the source for copying conditions.  There is NO
warranty; not even for MERCHANTABILITY or FITNESS FOR A PARTICULAR PURPOSE.

configure:4736: $? = 0
configure:4725: gcc -v >&5
Using built-in specs.
COLLECT_GCC=gcc
COLLECT_LTO_WRAPPER=/usr/libexec/gcc/x86_64-linux-gnu/13/lto-wrapper
OFFLOAD_TARGET_NAMES=nvptx-none:amdgcn-amdhsa
OFFLOAD_TARGET_DEFAULT=1
Target: x86_64-linux-gnu
Configured with: ../src/configure -v --with-pkgversion='Ubuntu 13.3.0-6ubuntu2~24.04' --with-bugurl=file:///usr/share/doc/gcc-13/README.Bugs --enable-languages=c,ada,c++,go,d,fortran,objc,obj-c++,m2 --prefix=/usr --with-gcc-major-version-only --program-suffix=-13 --program-prefix=x86_64-linux-gnu- --enable-shared --enable-linker-build-id --libexecdir=/usr/libexec --without-included-gettext --enable-threads=posix --libdir=/usr/lib --enable-nls --enable-bootstrap --enable-clocale=gnu --enable-libstdcxx-debug --enable-libstdcxx-time=yes --with-default-libstdcxx-abi=new --enable-libstdcxx-backtrace --enable-gnu-unique-object --disable-vtable-verify --enable-plugin --enable-default-pie --with-system-zlib --enable-libphobos-checking=release --with-target-system-zlib=auto --enable-objc-gc=auto --enable-multiarch --disable-werror --enable-cet --with-arch-32=i686 --with-abi=m64 --with-multilib-list=m32,m64,mx32 --enable-multilib --with-tune=generic --enable-offload-targets=nvptx-none=/build/gcc-13-fG75Ri/gcc-13-13.3.0/debian/tmp-nvptx/usr,amdgcn-amdhsa=/build/gcc-13-fG75Ri/gcc-13-13.3.0/debian/tmp-gcn/usr --enable-offload-defaulted --without-cuda-driver --enable-checking=release --build=x86_64-linux-gnu --host=x86_64-linux-gnu --target=x86_64-linux-gnu --with-build-config=bootstrap-lto-lean --enable-link-serialization=2
Thread model: posix
Supported LTO compression algorithms: zlib zstd
gcc version 13.3.0 (Ubuntu 13.3.0-6ubuntu2~24.04)
... rest of stderr output deleted ...
configure:4736: $? = 0
configure:4725: gcc -V >&5
gcc: error: unrecognized command-line option '-V'
gcc: fatal error: no input files
compilation terminated.
configure:4736: $? = 1
configure:4725: gcc -qversion >&5
gcc: error: unrecognized command-line option '-qversion'; did you mean '--version'?
gcc: fatal error: no input files
compilation terminated.
configure:4736: $? = 1
configure:4725: gcc -version >&5
gcc: error: unrecognized command-line option '-version'
gcc: fatal error: no input files
compilation terminated.
configure:4736: $? = 1
configure:4740: checking whether the compiler supports GNU C
configure:4760: gcc -c   conftest.c >&5
configure:4760: $? = 0
configure:4770: result: yes
configure:4781: checking whether gcc accepts -g
configure:4802: gcc -c -g  conftest.c >&5
configure:4802: $? = 0
configure:4846: result: yes
configure:4866: checking for gcc option to enable C11 features
configure:4881: gcc  -c -g -O2  conftest.c >&5
configure:4881: $? = 0
configure:4899: result: none needed
configure:5015: checking whether gcc understands -c and -o together
configure:5038: gcc -c conftest.c -o conftest2.o
configure:5041: $? = 0
configure:5038: gcc -c conftest.c -o conftest2.o
configure:5041: $? = 0
configure:5053: result: yes
configure:5072: checking dependency style of gcc
configure:5184: result: gcc3
configure:5200: checking for ns_name_uncompress in -lresolv
configure:5223: gcc -o conftest -g -O2   conftest.c -lresolv   >&5
configure:5223: $? = 0
configure:5233: result: yes
configure:5243: checking for clock_gettime in -lrt
configure:5266: gcc -o conftest -g -O2   conftest.c -lrt  -lresolv  >&5
configure:5266: $? = 0
configure:5276: result: yes
configure:5288: checking for sys/types.h
configure:5288: gcc -c -g -O2  conftest.c >&5
configure:5288: $? = 0
configure:5288: result: yes
configure:5306: checking for netinet/in.h
configure:5306: gcc -c -g -O2  conftest.c >&5
configure:5306: $? = 0
configure:5306: result: yes
configure:5324: checking for arpa/nameser.h
configure:5324: gcc -c -g -O2  conftest.c >&5
configure:5324: $? = 0
configure:5324: result: yes
configure:5342: checking for netdb.h
configure:5342: gcc -c -g -O2  conftest.c >&5
configure:5342: $? = 0
configure:5342: result: yes
configure:5360: checking for resolv.h
configure:5360: gcc -c -g -O2  conftest.c >&5
configure:5360: $? = 0
configure:5360: result: yes
configure:5384: checking for stdio.h
configure:5384: gcc -c -g -O2  conftest.c >&5
configure:5384: $? = 0
configure:5384: result: yes
configure:5384: checking for stdlib.h
configure:5384: gcc -c -g -O2  conftest.c >&5
configure:5384: $? = 0
configure:5384: result: yes
configure:5384: checking for string.h
configure:5384: gcc -c -g -O2  conftest.c >&5
configure:5384: $? = 0
configure:5384: result: yes
configure:5384: checking for inttypes.h
configure:5384: gcc -c -g -O2  conftest.c >&5
configure:5384: $? = 0
configure:5384: result: yes
configure:5384: checking for stdint.h
configure:5384: gcc -c -g -O2  conftest.c >&5
configure:5384: $? = 0
configure:5384: result: yes
configure:5384: checking for strings.h
configure:5384: gcc -c -g -O2  conftest.c >&5
configure:5384: $? = 0
configure:5384: result: yes
configure:5384: checking for sys/stat.h
configure:5384: gcc -c -g -O2  conftest.c >&5
configure:5384: $? = 0
configure:5384: result: yes
configure:5384: checking for sys/types.h
configure:5384: result: yes
configure:5384: checking for unistd.h
configure:5384: gcc -c -g -O2  conftest.c >&5
configure:5384: $? = 0
configure:5384: result: yes
configure:5409: checking for arpa/inet.h
configure:5409: gcc -c -g -O2  conftest.c >&5
configure:5409: $? = 0
configure:5409: result: yes
configure:5415: checking for fcntl.h
configure:5415: gcc -c -g -O2  conftest.c >&5
configure:5415: $? = 0
configure:5415: result: yes
configure:5421: checking for memory.h
configure:5421: gcc -c -g -O2  conftest.c >&5
configure:5421: $? = 0
configure:5421: result: yes
configure:5427: checking for sys/socket.h
configure:5427: gcc -c -g -O2  conftest.c >&5
configure:5427: $? = 0
configure:5427: result: yes
configure:5433: checking for syslog.h
configure:5433: gcc -c -g -O2  conftest.c >&5
configure:5433: $? = 0
configure:5433: result: yes
configure:5439: checking for unistd.h
configure:5439: result: yes
configure:5448: checking for _Bool
configure:5448: gcc -c -g -O2  conftest.c >&5
configure:5448: $? = 0
configure:5448: gcc -c -g -O2  conftest.c >&5
conftest.c: In function 'main':
conftest.c:65:20: error: expected expression before ')' token
   65 | if (sizeof ((_Bool)))
      |                    ^
configure:5448: $? = 1
configure: failed program was:
| /* confdefs.h */
| #define PACKAGE_NAME "DNR"
| #define PACKAGE_TARNAME "dnr"
| #define PACKAGE_VERSION "0.1"
| #define PACKAGE_STRING "DNR 0.1"
| #define PACKAGE_BUGREPORT "bug-report@example.com"
| #define PACKAGE_URL ""
| #define PACKAGE "dnr"
| #define VERSION "0.1"
| #define HAVE_LIBRESOLV 1
| #define HAVE_LIBRT 1
| #define HAVE_SYS_TYPES_H 1
| #define HAVE_NETINET_IN_H 1
| #define HAVE_ARPA_NAMESER_H 1
| #define HAVE_NETDB_H 1
| #define HAVE_RESOLV_H 1
| #define HAVE_STDIO_H 1
| #define HAVE_STDLIB_H 1
| #define HAVE_STRING_H 1
| #define HAVE_INTTYPES_H 1
| #define HAVE_STDINT_H 1
| #define HAVE_STRINGS_H 1
| #define HAVE_SYS_STAT_H 1
| #define HAVE_SYS_TYPES_H 1
| #define HAVE_UNISTD_H 1
| #define STDC_HEADERS 1
| #define HAVE_ARPA_INET_H 1
| #define HAVE_FCNTL_H 1
| #define HAVE_MEMORY_H 1
| #define HAVE_SYS_SOCKET_H 1
| #define HAVE_SYSLOG_H 1
| #define HAVE_UNISTD_H 1
| /* end confdefs.h.  */
| #include <stddef.h>
| #ifdef HAVE_STDIO_H
| # include <stdio.h>
| #endif
| #ifdef HAVE_STDLIB_H
| # include <stdlib.h>
| #endif
| #ifdef HAVE_STRING_H
| # include <string.h>
| #endif
| #ifdef HAVE_INTTYPES_H
| # include <inttypes.h>
| #endif
| #ifdef HAVE_STDINT_H
| # include <stdint.h>
| #endif
| #ifdef HAVE_STRINGS_H
| # include <strings.h>
| #endif
| #ifdef HAVE_SYS_TYPES_H
| # include <sys/types.h>
| #endif
| #ifdef HAVE_SYS_STAT_H
| # include <sys/stat.h>
| #endif
| #ifdef HAVE_UNISTD_H
| # include <unistd.h>
| #endif
| int
| main (void)
| {
| if (sizeof ((_Bool)))
| 	    return 0;
|   ;
|   return 0;
| }
configure:5448: result: yes
configure:5457: checking for stdbool.h that conforms to C99
configure:5573: gcc -c -g -O2  conftest.c >&5
configure:5573: $? = 0
configure:5581: result: yes
configure:5590: checking for size_t
configure:5590: gcc -c -g -O2  conftest.c >&5
configure:5590: $? = 0
configure:5590: gcc -c -g -O2  conftest.c >&5
conftest.c: In function 'main':
conftest.c:67:21: error: expected expression before ')' token
   67 | if (sizeof ((size_t)))
      |                     ^
configure:5590: $? = 1
configure: failed program was:
| /* confdefs.h */
| #define PACKAGE_NAME "DNR"
| #define PACKAGE_TARNAME "dnr"
| #define PACKAGE_VERSION "0.1"
| #define PACKAGE_STRING "DNR 0.1"
| #define PACKAGE_BUGREPORT "bug-report@example.com"
| #define PACKAGE_URL ""
| #define PACKAGE "dnr"
| #define VERSION "0.1"
| #define HAVE_LIBRESOLV 1
| #define HAVE_LIBRT 1
| #define HAVE_SYS_TYPES_H 1
| #define HAVE_NETINET_IN_H 1
| #define HAVE_ARPA_NAMESER_H 1
| #define HAVE_NETDB_H 1
| #define HAVE_RESOLV_H 1
| #define HAVE_STDIO_H 1
| #define HAVE_STDLIB_H 1
| #define HAVE_STRING_H 1
| #define HAVE_INTTYPES_H 1
| #define HAVE_STDINT_H 1
| #define HAVE_STRINGS_H 1
| #define HAVE_SYS_STAT_H 1
| #define HAVE_SYS_TYPES_H 1
| #define HAVE_UNISTD_H 1
| #define STDC_HEADERS 1
| #define HAVE_ARPA_INET_H 1
| #define HAVE_FCNTL_H 1
| #define HAVE_MEMORY_H 1
| #define HAVE_SYS_SOCKET_H 1
| #define HAVE_SYSLOG_H 1
| #define HAVE_UNISTD_H 1
| #define HAVE__BOOL 1
| #define HAVE_STDBOOL_H 1
| /* end confdefs.h.  */
| #include <stddef.h>
| #ifdef HAVE_STDIO_H
| # include <stdio.h>
| #endif
| #ifdef HAVE_STDLIB_H
| # include <stdlib.h>
| #endif
| #ifdef HAVE_STRING_H
| # include <string.h>
| #endif
| #ifdef HAVE_INTTYPES_H
| # include <inttypes.h>
| #endif
| #ifdef HAVE_STDINT_H
| # include <stdint.h>
| #endif
| #ifdef HAVE_STRINGS_H
| # include <strings.h>
| #endif
| #ifdef HAVE_SYS_TYPES_H
| # include <sys/types.h>
| #endif
| #ifdef HAVE_SYS_STAT_H
| # include <sys/stat.h>
| #endif
| #ifdef HAVE_UNISTD_H
| # include <unistd.h>
| #endif
| int
| main (void)
| {
| if (sizeof ((size_t)))
| 	    return 0;
|   ;
|   return 0;
| }
configure:5590: result: yes
configure:5600: checking for uint32_t
configure:5600: gcc -c -g -O2  conftest.c >&5
configure:5600: $? = 0
configure:5600: result: yes
configure:5614: checking for clock_gettime
configure:5614: gcc -o conftest -g -O2   conftest.c -lrt -lresolv  >&5
configure:5614: $? = 0
configure:5614: result: yes
configure:5620: checking for inet_ntoa
configure:5620: gcc -o conftest -g -O2   conftest.c -lrt -lresolv  >&5
configure:5620: $? = 0
configure:5620: result: yes
configure:5626: checking for memset
configure:5626: gcc -o conftest -g -O2   conftest.c -lrt -lresolv  >&5
conftest.c:54:6: warning: conflicting types for built-in function 'memset'; expected 'void *(void *, int,  long unsigned int)' [-Wbuiltin-declaration-mismatch]
   54 | char memset ();
      |      ^~~~~~
conftest.c:46:1: note: 'memset' is declared in header '<string.h>'
   45 | #include <limits.h>
   46 | #undef memset
configure:5626: $? = 0
configure:5626: result: yes
configure:5632: checking for select
configure:5632: gcc -o conftest -g -O2   conftest.c -lrt -lresolv  >&5
configure:5632: $? = 0
configure:5632: result: yes
configure:5638: checking for socket
configure:5638: gcc -o conftest -g -O2   conftest.c -lrt -lresolv  >&5
configure:5638: $? = 0
configure:5638: result: yes
configure:5644: checking for strchr
configure:5644: gcc -o conftest -g -O2   conftest.c -lrt -lresolv  >&5
conftest.c:57:6: warning: conflicting types for built-in function 'strchr'; expected 'char *(const char *, int)' [-Wbuiltin-declaration-mismatch]
   57 | char strchr ();
      |      ^~~~~~
conftest.c:49:1: note: 'strchr' is declared in header '<string.h>'
   48 | #include <limits.h>
   49 | #undef strchr
configure:5644: $? = 0
configure:5644: result: yes
configure:5767: checking that generated files are newer than configure
configure:5773: result: done
configure:5800: creating ./config.status

## ---------------------- ##
## Running config.status. ##
## ---------------------- ##

This file was extended by DNR config.status 0.1, which was
generated by GNU Autoconf 2.71.  Invocation command line was

  CONFIG_FILES    =
  CONFIG_HEADERS  =
  CONFIG_LINKS    =
  CONFIG_COMMANDS =
  $ ./config.status

on devbox

config.status:875: creating Makefile
config.status:875: creating src/Makefile
config.status:875: creating config.h
config.status:1104: executing depfiles commands
config.status:1181: cd src       && sed -e '/# am--include-marker/d' Makefile         | make -f - am--depfiles
config.status:1186: $? = 0

## ---------------- ##
## Cache variables. ##
## ---------------- ##

ac_cv_c_compiler_gnu=yes
ac_cv_c_uint32_t=yes
ac_cv_cxx_compiler_gnu=yes
ac_cv_env_CCC_set=
ac_cv_env_CCC_value=
ac_cv_env_CC_set=
ac_cv_env_CC_value=
ac_cv_env_CFLAGS_set=
ac_cv_env_CFLAGS_value=
ac_cv_env_CPPFLAGS_set=
ac_cv_env_CPPFLAGS_value=
ac_cv_env_CXXFLAGS_set=
ac_cv_env_CXXFLAGS_value=
ac_cv_env_CXX_set=
ac_cv_env_CXX_value=
ac_cv_env_LDFLAGS_set=
ac_cv_env_LDFLAGS_value=
ac_cv_env_LIBS_set=
ac_cv_env_LIBS_value=
ac_cv_env_build_alias_set=
ac_cv_env_build_alias_value=
ac_cv_env_host_alias_set=
ac_cv_env_host_alias_value=
ac_cv_env_target_alias_set=
ac_cv_env_target_alias_value=
ac_cv_func_clock_gettime=yes
ac_cv_func_inet_ntoa=yes
ac_cv_func_memset=yes
ac_cv_func_select=yes
ac_cv_func_socket=yes
ac_cv_func_strchr=yes
ac_cv_header_arpa_inet_h=yes
ac_cv_header_arpa_nameser_h=yes
ac_cv_header_fcntl_h=yes
ac_cv_header_inttypes_h=yes
ac_cv_header_memory_h=yes
ac_cv_header_netdb_h=yes
ac_cv_header_netinet_in_h=yes
ac_cv_header_resolv_h=yes
ac_cv_header_stdbool_h=yes
ac_cv_header_stdint_h=yes
ac_cv_header_stdio_h=yes
ac_cv_header_stdlib_h=yes
ac_cv_header_string_h=yes
ac_cv_header_strings_h=yes
ac_cv_header_sys_socket_h=yes
ac_cv_header_sys_stat_h=yes
ac_cv_header_sys_types_h=yes
ac_cv_header_syslog_h=yes
ac_cv_header_unistd_h=yes
ac_cv_lib_resolv_ns_name_uncompress=yes
ac_cv_lib_rt_clock_gettime=yes
ac_cv_objext=o
ac_cv_path_install='/usr/bin/install -c'
ac_cv_path_mkdir=/usr/bin/mkdir
ac_cv_prog_AWK=gawk
ac_cv_prog_ac_ct_CC=gcc
ac_cv_prog_ac_ct_CXX=g++
ac_cv_prog_cc_c11=
ac_cv_prog_cc_g=yes
ac_cv_prog_cc_stdc=
ac_cv_prog_cxx_cxx11=
ac_cv_prog_cxx_g=yes
ac_cv_prog_cxx_stdcxx=
ac_cv_prog_make_make_set=yes
ac_cv_type__Bool=yes
ac_cv_type_size_t=yes
am_cv_CC_dependencies_compiler_type=gcc3
am_cv_CXX_dependencies_compiler_type=gcc3
am_cv_make_support_nested_variables=yes
am_cv_prog_cc_c_o=yes

## ----------------- ##
## Output variables. ##
## ----------------- ##

ACLOCAL='${SHELL} '\''/app/missing'\'' aclocal-1.16'
AMDEPBACKSLASH='\'
AMDEP_FALSE='#'
AMDEP_TRUE=''
AMTAR='$${TAR-tar}'
AM_BACKSLASH='\'
AM_DEFAULT_V='$(AM_DEFAULT_VERBOSITY)'
AM_DEFAULT_VERBOSITY='1'
AM_V='$(V)'
AUTOCONF='${SHELL} '\''/app/missing'\'' autoconf'
AUTOHEADER='${SHELL} '\''/app/missing'\'' autoheader'
AUTOMAKE='${SHELL} '\''/app/missing'\'' automake-1.16'
AWK='gawk'
CC='gcc'
CCDEPMODE='depmode=gcc3'
CFLAGS='-g -O2'
CPPFLAGS=''
CSCOPE='cscope'
CTAGS='ctags'
CXX='g++'
CXXDEPMODE='depmode=gcc3'
CXXFLAGS='-g -O2'
CYGPATH_W='echo'
DEFS='-DHAVE_CONFIG_H'
DEPDIR='.deps'
ECHO_C=''
ECHO_N='-n'
ECHO_T=''
ETAGS='etags'
EXEEXT=''
INSTALL_DATA='${INSTALL} -m 644'
INSTALL_PROGRAM='${INSTALL}'
INSTALL_SCRIPT='${INSTALL}'
INSTALL_STRIP_PROGRAM='$(install_sh) -c -s'
LDFLAGS=''
LIBOBJS=''
LIBS='-lrt -lresolv '
LTLIBOBJS=''
MAKEINFO='${SHELL} '\''/app/missing'\'' makeinfo'
MKDIR_P='/usr/bin/mkdir -p'
OBJEXT='o'
PACKAGE='dnr'
PACKAGE_BUGREPORT='bug-report@example.com'
PACKAGE_NAME='DNR'
PACKAGE_STRING='DNR 0.1'
PACKAGE_TARNAME='dnr'
PACKAGE_URL=''
PACKAGE_VERSION='0.1'
PATH_SEPARATOR=':'
SET_MAKE=''
SHELL='/bin/bash'
STRIP=''
VERSION='0.1'
ac_ct_CC='gcc'
ac_ct_CXX='g++'
am__EXEEXT_FALSE=''
am__EXEEXT_TRUE='#'
am__fastdepCC_FALSE='#'
am__fastdepCC_TRUE=''
am__fastdepCXX_FALSE='#'
am__fastdepCXX_TRUE=''
am__include='include'
am__isrc=''
am__leading_dot='.'
am__nodep='_no'
am__quote=''
am__tar='$${TAR-tar} chof - "$$tardir"'
am__untar='$${TAR-tar} xf -'
bindir='${exec_prefix}/bin'
build_alias=''
datadir='${datarootdir}'
datarootdir='${prefix}/share'
docdir='${datarootdir}/doc/${PACKAGE_TARNAME}'
dvidir='${docdir}'
exec_prefix='${prefix}'
host_alias=''
htmldir='${docdir}'
includedir='${prefix}/include'
infodir='${datarootdir}/info'
install_sh='${SHELL} /app/install-sh'
libdir='${exec_prefix}/lib'
libexecdir='${exec_prefix}/libexec'
localedir='${datarootdir}/locale'
localstatedir='${prefix}/var'
mandir='${datarootdir}/man'
mkdir_p='$(MKDIR_P)'
oldincludedir='/usr/include'
pdfdir='${docdir}'
prefix='/usr/local'
program_transform_name='s,x,x,'
psdir='${docdir}'
runstatedir='${localstatedir}/run'
sbindir='${exec_prefix}/sbin'
sharedstatedir='${prefix}/com'
sysconfdir='${prefix}/etc'
systemdsystemunitdir='/lib/systemd/system'
target_alias=''

## ----------- ##
## confdefs.h. ##
## ----------- ##

/* confdefs.h */
#define PACKAGE_NAME "DNR"
#define PACKAGE_TARNAME "dnr"
#define PACKAGE_VERSION "0.1"
#define PACKAGE_STRING "DNR 0.1"
#define PACKAGE_BUGREPORT "bug-report@example.com"
#define PACKAGE_URL ""
#define PACKAGE "dnr"
#define VERSION "0.1"
#define HAVE_LIBRESOLV 1
#define HAVE_LIBRT 1
#define HAVE_SYS_TYPES_H 1
#define HAVE_NETINET_IN_H 1
#define HAVE_ARPA_NAMESER_H 1
#define HAVE_NETDB_H 1
#define HAVE_RESOLV_H 1
#define HAVE_STDIO_H 1
#define HAVE_STDLIB_H 1
#define HAVE_STRING_H 1
#define HAVE_INTTYPES_H 1
#define HAVE_STDINT_H 1
#define HAVE_STRINGS_H 1
#define HAVE_SYS_STAT_H 1
#define HAVE_SYS_TYPES_H 1
#define HAVE_UNISTD_H 1
#define STDC_HEADERS 1
#define HAVE_ARPA_INET_H 1
#define HAVE_FCNTL_H 1
#define HAVE_MEMORY_H 1
#define HAVE_SYS_SOCKET_H 1
#define HAVE_SYSLOG_H 1
#define HAVE_UNISTD_H 1
#define HAVE__BOOL 1
#define HAVE_STDBOOL_H 1
#define HAVE_CLOCK_GETTIME 1
#define HAVE_INET_NTOA 1
#define HAVE_MEMSET 1
#define HAVE_SELECT 1
#define HAVE_SOCKET 1
#define HAVE_STRCHR 1

configure: exit 0
