execve("./src/DNR", ["./src/DNR"], 0x7ffde9464130 /* 29 vars */) = 0
brk(NULL)                               = 0x5651bc0a6000
mmap(NULL, 8192, PROT_READ|PROT_WRITE, MAP_PRIVATE|MAP_ANONYMOUS, -1, 0) = 0x7fc05888f000
access("/etc/ld.so.preload", R_OK)      = -1 ENOENT (No such file or directory)
openat(AT_FDCWD, "/etc/ld.so.cache", O_RDONLY|O_CLOEXEC) = 3
fstat(3, {st_mode=S_IFREG|0644, st_size=26399, ...}) = 0
mmap(NULL, 26399, PROT_READ, MAP_PRIVATE, 3, 0) = 0x7fc058888000
close(3)                                = 0
openat(AT_FDCWD, "/lib/x86_64-linux-gnu/libresolv.so.2", O_RDONLY|O_CLOEXEC) = 3
read(3, "\177ELF\2\1\1\0\0\0\0\0\0\0\0\0\3\0>\0\1\0\0\0\0\0\0\0\0\0\0\0"..., 832) = 832
fstat(3, {st_mode=S_IFREG|0644, st_size=68104, ...}) = 0
mmap(NULL, 75912, PROT_READ, MAP_PRIVATE|MAP_DENYWRITE, 3, 0) = 0x7fc058875000
mmap(0x7fc058878000, 40960, PROT_READ|PROT_EXEC, MAP_PRIVATE|MAP_FIXED|MAP_DENYWRITE, 3, 0x3000) = 0x7fc058878000
mmap(0x7fc058882000, 8192, PROT_READ, MAP_PRIVATE|MAP_FIXED|MAP_DENYWRITE, 3, 0xd000) = 0x7fc058882000
mmap(0x7fc058884000, 8192, PROT_READ|PROT_WRITE, MAP_PRIVATE|MAP_FIXED|MAP_DENYWRITE, 3, 0xf000) = 0x7fc058884000
mmap(0x7fc058886000, 6280, PROT_READ|PROT_WRITE, MAP_PRIVATE|MAP_FIXED|MAP_ANONYMOUS, -1, 0) = 0x7fc058886000
close(3)                                = 0
openat(AT_FDCWD, "/lib/x86_64-linux-gnu/libstdc++.so.6", O_RDONLY|O_CLOEXEC) = 3
read(3, "\177ELF\2\1\1\3\0\0\0\0\0\0\0\0\3\0>\0\1\0\0\0\0\0\0\0\0\0\0\0"..., 832) = 832
fstat(3, {st_mode=S_IFREG|0644, st_size=2592224, ...}) = 0
mmap(NULL, 2609472, PROT_READ, MAP_PRIVATE|MAP_DENYWRITE, 3, 0) = 0x7fc0585f7000
mmap(0x7fc058694000, 1343488, PROT_READ|PROT_EXEC, MAP_PRIVATE|MAP_FIXED|MAP_DENYWRITE, 3, 0x9d000) = 0x7fc058694000
mmap(0x7fc0587dc000, 552960, PROT_READ, MAP_PRIVATE|MAP_FIXED|MAP_DENYWRITE, 3, 0x1e5000) = 0x7fc0587dc000
mmap(0x7fc058863000, 57344, PROT_READ|PROT_WRITE, MAP_PRIVATE|MAP_FIXED|MAP_DENYWRITE, 3, 0x26b000) = 0x7fc058863000
mmap(0x7fc058871000, 12608, PROT_READ|PROT_WRITE, MAP_PRIVATE|MAP_FIXED|MAP_ANONYMOUS, -1, 0) = 0x7fc058871000
close(3)                                = 0
openat(AT_FDCWD, "/lib/x86_64-linux-gnu/libgcc_s.so.1", O_RDONLY|O_CLOEXEC) = 3
read(3, "\177ELF\2\1\1\0\0\0\0\0\0\0\0\0\3\0>\0\1\0\0\0\0\0\0\0\0\0\0\0"..., 832) = 832
fstat(3, {st_mode=S_IFREG|0644, st_size=183024, ...}) = 0
mmap(NULL, 185256, PROT_READ, MAP_PRIVATE|MAP_DENYWRITE, 3, 0) = 0x7fc0585c9000
mmap(0x7fc0585cd000, 147456, PROT_READ|PROT_EXEC, MAP_PRIVATE|MAP_FIXED|MAP_DENYWRITE, 3, 0x4000) = 0x7fc0585cd000
mmap(0x7fc0585f1000, 16384, PROT_READ, MAP_PRIVATE|MAP_FIXED|MAP_DENYWRITE, 3, 0x28000) = 0x7fc0585f1000
mmap(0x7fc0585f5000, 8192, PROT_READ|PROT_WRITE, MAP_PRIVATE|MAP_FIXED|MAP_DENYWRITE, 3, 0x2b000) = 0x7fc0585f5000
close(3)                                = 0
openat(AT_FDCWD, "/lib/x86_64-linux-gnu/libc.so.6", O_RDONLY|O_CLOEXEC) = 3
read(3, "\177ELF\2\1\1\3\0\0\0\0\0\0\0\0\3\0>\0\1\0\0\0\220\243\2\0\0\0\0\0"..., 832) = 832
pread64(3, "\6\0\0\0\4\0\0\0@\0\0\0\0\0\0\0@\0\0\0\0\0\0\0@\0\0\0\0\0\0\0"..., 784, 64) = 784
fstat(3, {st_mode=S_IFREG|0755, st_size=2125328, ...}) = 0
pread64(3, "\6\0\0\0\4\0\0\0@\0\0\0\0\0\0\0@\0\0\0\0\0\0\0@\0\0\0\0\0\0\0"..., 784, 64) = 784
mmap(NULL, 2170256, PROT_READ, MAP_PRIVATE|MAP_DENYWRITE, 3, 0) = 0x7fc0583b7000
mmap(0x7fc0583df000, 1605632, PROT_READ|PROT_EXEC, MAP_PRIVATE|MAP_FIXED|MAP_DENYWRITE, 3, 0x28000) = 0x7fc0583df000
mmap(0x7fc058567000, 323584, PROT_READ, MAP_PRIVATE|MAP_FIXED|MAP_DENYWRITE, 3, 0x1b0000) = 0x7fc058567000
mmap(0x7fc0585b6000, 24576, PROT_READ|PROT_WRITE, MAP_PRIVATE|MAP_FIXED|MAP_DENYWRITE, 3, 0x1fe000) = 0x7fc0585b6000
mmap(0x7fc0585bc000, 52624, PROT_READ|PROT_WRITE, MAP_PRIVATE|MAP_FIXED|MAP_ANONYMOUS, -1, 0) = 0x7fc0585bc000
close(3)                                = 0
openat(AT_FDCWD, "/lib/x86_64-linux-gnu/libm.so.6", O_RDONLY|O_CLOEXEC) = 3
read(3, "\177ELF\2\1\1\3\0\0\0\0\0\0\0\0\3\0>\0\1\0\0\0\0\0\0\0\0\0\0\0"..., 832) = 832
fstat(3, {st_mode=S_IFREG|0644, st_size=952616, ...}) = 0
mmap(NULL, 950296, PROT_READ, MAP_PRIVATE|MAP_DENYWRITE, 3, 0) = 0x7fc0582ce000
mmap(0x7fc0582de000, 520192, PROT_READ|PROT_EXEC, MAP_PRIVATE|MAP_FIXED|MAP_DENYWRITE, 3, 0x10000) = 0x7fc0582de000
mmap(0x7fc05835d000, 360448, PROT_READ, MAP_PRIVATE|MAP_FIXED|MAP_DENYWRITE, 3, 0x8f000) = 0x7fc05835d000
mmap(0x7fc0583b5000, 8192, PROT_READ|PROT_WRITE, MAP_PRIVATE|MAP_FIXED|MAP_DENYWRITE, 3, 0xe7000) = 0x7fc0583b5000
close(3)                                = 0
mmap(NULL, 8192, PROT_READ|PROT_WRITE, MAP_PRIVATE|MAP_ANONYMOUS, -1, 0) = 0x7fc0582cc000
mmap(NULL, 12288, PROT_READ|PROT_WRITE, MAP_PRIVATE|MAP_ANONYMOUS, -1, 0) = 0x7fc0582c9000
arch_prctl(ARCH_SET_FS, 0x7fc0582c9740) = 0
set_tid_address(0x7fc0582c9a10)         = 11917
set_robust_list(0x7fc0582c9a20, 24)     = 0
rseq(0x7fc0582ca060, 0x20, 0, 0x53053053) = 0
mprotect(0x7fc0585b6000, 16384, PROT_READ) = 0
mprotect(0x7fc0583b5000, 4096, PROT_READ) = 0
mprotect(0x7fc0585f5000, 4096, PROT_READ) = 0
mprotect(0x7fc058863000, 45056, PROT_READ) = 0
mprotect(0x7fc058884000, 4096, PROT_READ) = 0
mprotect(0x5651ba99a000, 4096, PROT_READ) = 0
mprotect(0x7fc0588c7000, 8192, PROT_READ) = 0
prlimit64(0, RLIMIT_STACK, NULL, {rlim_cur=8192*1024, rlim_max=RLIM64_INFINITY}) = 0
munmap(0x7fc058888000, 26399)           = 0
futex(0x7fc0588717bc, FUTEX_WAKE_PRIVATE, 2147483647) = 0
getrandom("\xba\x4d\xba\x89\xef\xf3\xf6\x4f", 8, GRND_NONBLOCK) = 8
brk(NULL)                               = 0x5651bc0a6000
brk(0x5651bc0c7000)                     = 0x5651bc0c7000
socket(AF_INET, SOCK_DGRAM, IPPROTO_UDP) = 3
fcntl(3, F_GETFL)                       = 0x2 (flags O_RDWR)
fcntl(3, F_SETFL, O_RDWR|O_NONBLOCK)    = 0
bind(3, {sa_family=AF_INET, sin_port=htons(53), sin_addr=inet_addr("0.0.0.0")}, 16) = -1 EACCES (Permission denied)
getpid()                                = 11917
openat(AT_FDCWD, "/etc/localtime", O_RDONLY|O_CLOEXEC) = 4
fstat(4, {st_mode=S_IFREG|0644, st_size=114, ...}) = 0
fstat(4, {st_mode=S_IFREG|0644, st_size=114, ...}) = 0
read(4, "TZif2\0\0\0\0\0\0\0\0\0\0\0\0\0\0\0\0\0\0\0\0\0\0\0\0\0\0\0"..., 1024) = 114
lseek(4, -60, SEEK_CUR)                 = 54
read(4, "TZif2\0\0\0\0\0\0\0\0\0\0\0\0\0\0\0\0\0\0\0\0\0\0\0\0\0\0\0"..., 1024) = 60
close(4)                                = 0
socket(AF_UNIX, SOCK_DGRAM|SOCK_CLOEXEC, 0) = 4
connect(4, {sa_family=AF_UNIX, sun_path="/dev/log"}, 110) = 0
sendto(4, "<11>Sep 24 18:58:51 fastdns[1191"..., 59, MSG_NOSIGNAL, NULL, 0) = 59
exit_group(-1)                          = ?
+++ exited with 255 +++
